Copyright 1986-2022 Xilinx, Inc. All Rights Reserved. Copyright 2022-2024 Advanced Micro Devices, Inc. All Rights Reserved.
---------------------------------------------------------------------------------------------------------------------------------------------
| Tool Version : Vivado v.2024.1 (lin64) Build 5076996 Wed May 22 18:36:09 MDT 2024
| Date         : Sun Nov 24 21:44:35 2024
| Host         : eecs-digital-06 running 64-bit Ubuntu 24.04 LTS
| Command      : report_timing -file obj/post_route_timing.rpt
| Design       : top_level
| Device       : 7s50-csga324
| Speed File   : -1  PRODUCTION 1.23 2018-06-13
| Design State : Routed
---------------------------------------------------------------------------------------------------------------------------------------------

Timing Report

Slack (MET) :             0.470ns  (required time - arrival time)
  Source:                 crw/sccb_c/delay_reg_reg[16]/C
                            (rising edge-triggered cell FDRE clocked by clk_camera_cw_fast  {rise@0.000ns fall@2.500ns period=5.000ns})
  Destination:            crw/sccb_c/delay_reg_reg[2]/CE
                            (rising edge-triggered cell FDRE clocked by clk_camera_cw_fast  {rise@0.000ns fall@2.500ns period=5.000ns})
  Path Group:             clk_camera_cw_fast
  Path Type:              Setup (Max at Slow Process Corner)
  Requirement:            5.000ns  (clk_camera_cw_fast rise@5.000ns - clk_camera_cw_fast rise@0.000ns)
  Data Path Delay:        4.218ns  (logic 1.145ns (27.143%)  route 3.073ns (72.857%))
  Logic Levels:           4  (LUT6=4)
  Clock Path Skew:        -0.040ns (DCD - SCD + CPR)
    Destination Clock Delay (DCD):    -2.027ns = ( 2.973 - 5.000 ) 
    Source Clock Delay      (SCD):    -2.415ns
    Clock Pessimism Removal (CPR):    -0.428ns
  Clock Uncertainty:      0.067ns  ((TSJ^2 + DJ^2)^1/2) / 2 + PE
    Total System Jitter     (TSJ):    0.071ns
    Discrete Jitter          (DJ):    0.113ns
    Phase Error              (PE):    0.000ns

    Location             Delay type                Incr(ns)  Path(ns)    Netlist Resource(s)
  -------------------------------------------------------------------    -------------------
                         (clock clk_camera_cw_fast rise edge)
                                                      0.000     0.000 r  
    N15                                               0.000     0.000 r  clk_100mhz (IN)
                         net (fo=0)                   0.000     0.000    wizard_migcam/clk_100mhz
    N15                  IBUF (Prop_ibuf_I_O)         1.440     1.440 r  wizard_migcam/clkin1_ibufg/O
                         net (fo=1, routed)           1.253     2.693    wizard_migcam/clk_in1_cw_fast
    PLLE2_ADV_X0Y0       PLLE2_ADV (Prop_plle2_adv_CLKIN1_CLKOUT2)
                                                     -8.486    -5.792 r  wizard_migcam/plle2_adv_inst/CLKOUT2
                         net (fo=1, routed)           1.660    -4.132    wizard_migcam/clk_camera_cw_fast
    BUFGCTRL_X0Y5        BUFG (Prop_bufg_I_O)         0.096    -4.036 r  wizard_migcam/clkout3_buf/O
                         net (fo=565, routed)         1.621    -2.415    crw/sccb_c/clk_camera
    SLICE_X2Y86          FDRE                                         r  crw/sccb_c/delay_reg_reg[16]/C
  -------------------------------------------------------------------    -------------------
    SLICE_X2Y86          FDRE (Prop_fdre_C_Q)         0.478    -1.937 r  crw/sccb_c/delay_reg_reg[16]/Q
                         net (fo=2, routed)           0.821    -1.116    crw/sccb_c/delay_reg[16]
    SLICE_X5Y86          LUT6 (Prop_lut6_I0_O)        0.295    -0.821 f  crw/sccb_c/FSM_sequential_phy_state_reg[3]_i_8/O
                         net (fo=1, routed)           0.593    -0.228    crw/sccb_c/FSM_sequential_phy_state_reg[3]_i_8_n_3
    SLICE_X5Y85          LUT6 (Prop_lut6_I5_O)        0.124    -0.104 r  crw/sccb_c/FSM_sequential_phy_state_reg[3]_i_3/O
                         net (fo=20, routed)          0.516     0.412    crw/sccb_c/FSM_sequential_phy_state_reg[3]_i_3_n_3
    SLICE_X5Y88          LUT6 (Prop_lut6_I0_O)        0.124     0.536 r  crw/sccb_c/delay_reg[16]_i_3/O
                         net (fo=1, routed)           0.593     1.129    crw/sccb_c/delay_reg[16]_i_3_n_3
    SLICE_X5Y86          LUT6 (Prop_lut6_I1_O)        0.124     1.253 r  crw/sccb_c/delay_reg[16]_i_1/O
                         net (fo=17, routed)          0.550     1.803    crw/sccb_c/delay_reg[16]_i_1_n_3
    SLICE_X5Y87          FDRE                                         r  crw/sccb_c/delay_reg_reg[2]/CE
  -------------------------------------------------------------------    -------------------

                         (clock clk_camera_cw_fast rise edge)
                                                      5.000     5.000 r  
    N15                                               0.000     5.000 r  clk_100mhz (IN)
                         net (fo=0)                   0.000     5.000    wizard_migcam/clk_100mhz
    N15                  IBUF (Prop_ibuf_I_O)         1.370     6.370 r  wizard_migcam/clkin1_ibufg/O
                         net (fo=1, routed)           1.181     7.551    wizard_migcam/clk_in1_cw_fast
    PLLE2_ADV_X0Y0       PLLE2_ADV (Prop_plle2_adv_CLKIN1_CLKOUT2)
                                                     -7.753    -0.202 r  wizard_migcam/plle2_adv_inst/CLKOUT2
                         net (fo=1, routed)           1.582     1.380    wizard_migcam/clk_camera_cw_fast
    BUFGCTRL_X0Y5        BUFG (Prop_bufg_I_O)         0.091     1.471 r  wizard_migcam/clkout3_buf/O
                         net (fo=565, routed)         1.503     2.973    crw/sccb_c/clk_camera
    SLICE_X5Y87          FDRE                                         r  crw/sccb_c/delay_reg_reg[2]/C
                         clock pessimism             -0.428     2.545    
                         clock uncertainty           -0.067     2.478    
    SLICE_X5Y87          FDRE (Setup_fdre_C_CE)      -0.205     2.273    crw/sccb_c/delay_reg_reg[2]
  -------------------------------------------------------------------
                         required time                          2.273    
                         arrival time                          -1.803    
  -------------------------------------------------------------------
                         slack                                  0.470    




