Copyright 1986-2022 Xilinx, Inc. All Rights Reserved. Copyright 2022-2024 Advanced Micro Devices, Inc. All Rights Reserved.
---------------------------------------------------------------------------------------------------------------------------------------------
| Tool Version : Vivado v.2024.1 (lin64) Build 5076996 Wed May 22 18:36:09 MDT 2024
| Date         : Sun Nov  3 18:25:14 2024
| Host         : eecs-digital-41 running 64-bit Ubuntu 24.04.1 LTS
| Command      : report_timing -file obj/post_place_timing.rpt
| Design       : top_level
| Device       : 7s50-csga324
| Speed File   : -1  PRODUCTION 1.23 2018-06-13
| Design State : Fully Placed
---------------------------------------------------------------------------------------------------------------------------------------------

Timing Report

Slack (MET) :             0.524ns  (required time - arrival time)
  Source:                 registers/BRAM_reg/CLKARDCLK
                            (rising edge-triggered cell RAMB18E1 clocked by clk_camera_cw_fast  {rise@0.000ns fall@2.500ns period=5.000ns})
  Destination:            crw/FSM_onehot_state_reg[5]/D
                            (rising edge-triggered cell FDRE clocked by clk_camera_cw_fast  {rise@0.000ns fall@2.500ns period=5.000ns})
  Path Group:             clk_camera_cw_fast
  Path Type:              Setup (Max at Slow Process Corner)
  Requirement:            5.000ns  (clk_camera_cw_fast rise@5.000ns - clk_camera_cw_fast rise@0.000ns)
  Data Path Delay:        4.470ns  (logic 1.531ns (34.251%)  route 2.939ns (65.749%))
  Logic Levels:           5  (LUT4=2 LUT5=1 LUT6=2)
  Clock Path Skew:        -0.014ns (DCD - SCD + CPR)
    Destination Clock Delay (DCD):    -2.066ns = ( 2.934 - 5.000 ) 
    Source Clock Delay      (SCD):    -2.486ns
    Clock Pessimism Removal (CPR):    -0.434ns
  Clock Uncertainty:      0.067ns  ((TSJ^2 + DJ^2)^1/2) / 2 + PE
    Total System Jitter     (TSJ):    0.071ns
    Discrete Jitter          (DJ):    0.113ns
    Phase Error              (PE):    0.000ns

    Location             Delay type                Incr(ns)  Path(ns)    Netlist Resource(s)
  -------------------------------------------------------------------    -------------------
                         (clock clk_camera_cw_fast rise edge)
                                                      0.000     0.000 r  
    N15                                               0.000     0.000 r  clk_100mhz (IN)
                         net (fo=0)                   0.000     0.000    wizard_migcam/clk_100mhz
    N15                  IBUF (Prop_ibuf_I_O)         1.440     1.440 r  wizard_migcam/clkin1_ibufg/O
                         net (fo=1, estimated)        1.253     2.693    wizard_migcam/clk_in1_cw_fast
    PLLE2_ADV_X0Y0       PLLE2_ADV (Prop_plle2_adv_CLKIN1_CLKOUT2)
                                                     -8.525    -5.832 r  wizard_migcam/plle2_adv_inst/CLKOUT2
                         net (fo=1, estimated)        1.660    -4.172    wizard_migcam/clk_camera_cw_fast
    BUFGCTRL_X0Y3        BUFG (Prop_bufg_I_O)         0.096    -4.076 r  wizard_migcam/clkout3_buf/O
                         net (fo=227, estimated)      1.589    -2.486    registers/clk_camera
    RAMB18_X0Y32         RAMB18E1                                     r  registers/BRAM_reg/CLKARDCLK
  -------------------------------------------------------------------    -------------------
    RAMB18_X0Y32         RAMB18E1 (Prop_ramb18e1_CLKARDCLK_DOADO[15])
                                                      0.882    -1.604 r  registers/BRAM_reg/DOADO[15]
                         net (fo=2, estimated)        1.179    -0.425    registers/bram_dout[15]
    SLICE_X8Y82          LUT4 (Prop_lut4_I0_O)        0.124    -0.301 r  registers/FSM_onehot_state[5]_i_7/O
                         net (fo=1, estimated)        0.408     0.107    registers/FSM_onehot_state[5]_i_7_n_2
    SLICE_X9Y81          LUT5 (Prop_lut5_I4_O)        0.124     0.231 r  registers/FSM_onehot_state[5]_i_6/O
                         net (fo=1, estimated)        0.156     0.387    registers/FSM_onehot_state[5]_i_6_n_2
    SLICE_X9Y81          LUT6 (Prop_lut6_I5_O)        0.124     0.511 r  registers/FSM_onehot_state[5]_i_4/O
                         net (fo=1, estimated)        0.313     0.824    registers/FSM_onehot_state[5]_i_4_n_2
    SLICE_X8Y82          LUT6 (Prop_lut6_I5_O)        0.124     0.948 f  registers/FSM_onehot_state[5]_i_2/O
                         net (fo=2, estimated)        0.883     1.831    crw/sccb_c/FSM_onehot_state_reg[1]_0
    SLICE_X5Y82          LUT4 (Prop_lut4_I0_O)        0.153     1.984 r  crw/sccb_c/FSM_onehot_state[5]_i_1/O
                         net (fo=1, routed)           0.000     1.984    crw/state__0[5]
    SLICE_X5Y82          FDRE                                         r  crw/FSM_onehot_state_reg[5]/D
  -------------------------------------------------------------------    -------------------

                         (clock clk_camera_cw_fast rise edge)
                                                      5.000     5.000 r  
    N15                                               0.000     5.000 r  clk_100mhz (IN)
                         net (fo=0)                   0.000     5.000    wizard_migcam/clk_100mhz
    N15                  IBUF (Prop_ibuf_I_O)         1.370     6.370 r  wizard_migcam/clkin1_ibufg/O
                         net (fo=1, estimated)        1.190     7.561    wizard_migcam/clk_in1_cw_fast
    PLLE2_ADV_X0Y0       PLLE2_ADV (Prop_plle2_adv_CLKIN1_CLKOUT2)
                                                     -7.790    -0.229 r  wizard_migcam/plle2_adv_inst/CLKOUT2
                         net (fo=1, estimated)        1.577     1.348    wizard_migcam/clk_camera_cw_fast
    BUFGCTRL_X0Y3        BUFG (Prop_bufg_I_O)         0.091     1.439 r  wizard_migcam/clkout3_buf/O
                         net (fo=227, estimated)      1.495     2.934    crw/clk_camera
    SLICE_X5Y82          FDRE                                         r  crw/FSM_onehot_state_reg[5]/C
                         clock pessimism             -0.434     2.499    
                         clock uncertainty           -0.067     2.433    
    SLICE_X5Y82          FDRE (Setup_fdre_C_D)        0.075     2.508    crw/FSM_onehot_state_reg[5]
  -------------------------------------------------------------------
                         required time                          2.508    
                         arrival time                          -1.984    
  -------------------------------------------------------------------
                         slack                                  0.524    




