#! /usr/bin/vvp
:ivl_version "11.0 (stable)";
:ivl_delay_selection "TYPICAL";
:vpi_time_precision - 12;
:vpi_module "/usr/lib/x86_64-linux-gnu/ivl/system.vpi";
:vpi_module "/usr/lib/x86_64-linux-gnu/ivl/vhdl_sys.vpi";
:vpi_module "/usr/lib/x86_64-linux-gnu/ivl/vhdl_textio.vpi";
:vpi_module "/usr/lib/x86_64-linux-gnu/ivl/v2005_math.vpi";
:vpi_module "/usr/lib/x86_64-linux-gnu/ivl/va_math.vpi";
:vpi_module "/usr/lib/x86_64-linux-gnu/ivl/v2009.vpi";
S_0x59394424f8e0 .scope package, "$unit" "$unit" 2 1;
 .timescale 0 0;
S_0x59394421b2d0 .scope module, "generate_pattern" "generate_pattern" 3 4;
 .timescale -9 -12;
    .port_info 0 /INPUT 1 "clk_in";
    .port_info 1 /INPUT 1 "rst_in";
    .port_info 2 /INPUT 1 "new_beat";
    .port_info 3 /INPUT 3 "pattern_in";
    .port_info 4 /INPUT 3 "pattern_length";
    .port_info 5 /OUTPUT 3 "num_balls";
    .port_info 6 /OUTPUT 21 "pattern_out";
    .port_info 7 /OUTPUT 7 "cat_out";
    .port_info 8 /OUTPUT 8 "an_out";
L_0x59394427e040 .functor NOT 7, v0x59394427d4a0_0, C4<0000000>, C4<0000000>, C4<0000000>;
L_0x59394427e100 .functor NOT 8, v0x59394427de40_0, C4<00000000>, C4<00000000>, C4<00000000>;
v0x59394427d1a0_0 .net "an_out", 7 0, L_0x59394427e100;  1 drivers
v0x59394427d280_0 .net "bto7s_led_out", 6 0, L_0x59394427e1d0;  1 drivers
v0x59394427d340_0 .net "cat_out", 6 0, L_0x59394427e040;  1 drivers
o0x781c3a8ea688 .functor BUFZ 1, C4<z>; HiZ drive
v0x59394427d3e0_0 .net "clk_in", 0 0, o0x781c3a8ea688;  0 drivers
v0x59394427d4a0_0 .var "led_out", 6 0;
o0x781c3a8ea6e8 .functor BUFZ 1, C4<z>; HiZ drive
v0x59394427d580_0 .net "new_beat", 0 0, o0x781c3a8ea6e8;  0 drivers
v0x59394427d640_0 .var "num_balls", 2 0;
o0x781c3a8ea748 .functor BUFZ 3, C4<zzz>; HiZ drive
v0x59394427d720_0 .net "pattern_in", 2 0, o0x781c3a8ea748;  0 drivers
v0x59394427d800_0 .var "pattern_index", 2 0;
o0x781c3a8ea7a8 .functor BUFZ 3, C4<zzz>; HiZ drive
v0x59394427d8e0_0 .net "pattern_length", 2 0, o0x781c3a8ea7a8;  0 drivers
v0x59394427d9c0_0 .var "pattern_out", 20 0;
v0x59394427da80_0 .var "pattern_temp", 20 0;
v0x59394427db40_0 .var "pattern_valid", 0 0;
v0x59394427dc00_0 .var "routed_vals", 3 0;
o0x781c3a8ea868 .functor BUFZ 1, C4<z>; HiZ drive
v0x59394427dcc0_0 .net "rst_in", 0 0, o0x781c3a8ea868;  0 drivers
v0x59394427dd60_0 .var "segment_counter", 31 0;
v0x59394427de40_0 .var "segment_state", 7 0;
E_0x59394421cb50 .event posedge, v0x59394427d3e0_0;
E_0x59394421bbd0 .event edge, v0x59394427de40_0;
E_0x5939441fc1d0 .event edge, v0x59394427de40_0, v0x59394427db40_0, v0x59394427ca40_0;
S_0x59394421b540 .scope module, "mbto7s" "bto7s" 3 57, 3 81 0, S_0x59394421b2d0;
 .timescale -9 -12;
    .port_info 0 /INPUT 4 "x_in";
    .port_info 1 /OUTPUT 7 "s_out";
L_0x59394427e500 .functor NOT 1, L_0x59394427e3e0, C4<0>, C4<0>, C4<0>;
L_0x59394427e660 .functor NOT 1, L_0x59394427e5c0, C4<0>, C4<0>, C4<0>;
L_0x59394427e750 .functor AND 1, L_0x59394427e500, L_0x59394427e660, C4<1>, C4<1>;
L_0x59394427e930 .functor NOT 1, L_0x59394427e860, C4<0>, C4<0>, C4<0>;
L_0x59394427e9d0 .functor AND 1, L_0x59394427e750, L_0x59394427e930, C4<1>, C4<1>;
L_0x59394427eb80 .functor NOT 1, L_0x59394427eae0, C4<0>, C4<0>, C4<0>;
L_0x59394427ec80 .functor AND 1, L_0x59394427e9d0, L_0x59394427eb80, C4<1>, C4<1>;
L_0x59394427ee70 .functor NOT 1, L_0x59394427ed90, C4<0>, C4<0>, C4<0>;
L_0x59394427f020 .functor NOT 1, L_0x59394427ef80, C4<0>, C4<0>, C4<0>;
L_0x59394427f0e0 .functor AND 1, L_0x59394427ee70, L_0x59394427f020, C4<1>, C4<1>;
L_0x59394427f450 .functor NOT 1, L_0x59394427f250, C4<0>, C4<0>, C4<0>;
L_0x59394427f4c0 .functor AND 1, L_0x59394427f0e0, L_0x59394427f450, C4<1>, C4<1>;
L_0x59394427f6e0 .functor AND 1, L_0x59394427f4c0, L_0x59394427f640, C4<1>, C4<1>;
L_0x59394427fb30 .functor OR 1, L_0x593944281090, L_0x593944281180, C4<0>, C4<0>;
L_0x59394427f5d0 .functor OR 1, L_0x59394427fb30, L_0x593944281420, C4<0>, C4<0>;
L_0x593944281730 .functor OR 1, L_0x59394427f5d0, L_0x5939442815a0, C4<0>, C4<0>;
L_0x593944281970 .functor OR 1, L_0x593944281730, L_0x5939442818d0, C4<0>, C4<0>;
L_0x593944281c20 .functor OR 1, L_0x593944281970, L_0x593944281a80, C4<0>, C4<0>;
L_0x593944281e70 .functor OR 1, L_0x593944281c20, L_0x593944281dd0, C4<0>, C4<0>;
L_0x593944282130 .functor OR 1, L_0x593944281e70, L_0x593944281f80, C4<0>, C4<0>;
L_0x5939442822f0 .functor OR 1, L_0x593944282130, L_0x593944281d30, C4<0>, C4<0>;
L_0x5939442825c0 .functor OR 1, L_0x5939442822f0, L_0x593944282400, C4<0>, C4<0>;
L_0x593944282830 .functor OR 1, L_0x5939442825c0, L_0x593944282790, C4<0>, C4<0>;
L_0x5939442824a0 .functor OR 1, L_0x593944282830, L_0x593944282940, C4<0>, C4<0>;
L_0x593944282eb0 .functor OR 1, L_0x593944282c30, L_0x593944282cd0, C4<0>, C4<0>;
L_0x593944283270 .functor OR 1, L_0x593944282eb0, L_0x593944282fc0, C4<0>, C4<0>;
L_0x593944283650 .functor OR 1, L_0x593944283270, L_0x593944283460, C4<0>, C4<0>;
L_0x593944283800 .functor OR 1, L_0x593944283650, L_0x593944283760, C4<0>, C4<0>;
L_0x593944283c00 .functor OR 1, L_0x593944283800, L_0x593944283a00, C4<0>, C4<0>;
L_0x593944283db0 .functor OR 1, L_0x593944283c00, L_0x593944283d10, C4<0>, C4<0>;
L_0x5939442841d0 .functor OR 1, L_0x593944283db0, L_0x593944283fc0, C4<0>, C4<0>;
L_0x593944284380 .functor OR 1, L_0x5939442841d0, L_0x5939442842e0, C4<0>, C4<0>;
L_0x5939442847c0 .functor OR 1, L_0x593944284380, L_0x5939442845a0, C4<0>, C4<0>;
L_0x593944284bf0 .functor OR 1, L_0x593944284920, L_0x5939442849c0, C4<0>, C4<0>;
L_0x593944284ec0 .functor OR 1, L_0x593944284bf0, L_0x593944284e20, C4<0>, C4<0>;
L_0x593944285210 .functor OR 1, L_0x593944284ec0, L_0x593944284fd0, C4<0>, C4<0>;
L_0x593944284da0 .functor OR 1, L_0x593944285210, L_0x593944284d00, C4<0>, C4<0>;
L_0x593944285740 .functor OR 1, L_0x593944284da0, L_0x5939442854f0, C4<0>, C4<0>;
L_0x593944285a30 .functor OR 1, L_0x593944285740, L_0x593944285990, C4<0>, C4<0>;
L_0x593944285da0 .functor OR 1, L_0x593944285a30, L_0x593944285b40, C4<0>, C4<0>;
L_0x5939442860a0 .functor OR 1, L_0x593944285da0, L_0x593944286000, C4<0>, C4<0>;
L_0x593944286420 .functor OR 1, L_0x5939442860a0, L_0x5939442861b0, C4<0>, C4<0>;
L_0x593944286730 .functor OR 1, L_0x593944286420, L_0x593944286690, C4<0>, C4<0>;
L_0x593944286ac0 .functor OR 1, L_0x593944286730, L_0x593944286840, C4<0>, C4<0>;
L_0x5939442870c0 .functor OR 1, L_0x593944286d90, L_0x593944286e30, C4<0>, C4<0>;
L_0x593944287270 .functor OR 1, L_0x5939442870c0, L_0x5939442871d0, C4<0>, C4<0>;
L_0x5939442877a0 .functor OR 1, L_0x593944287270, L_0x593944287500, C4<0>, C4<0>;
L_0x593944287950 .functor OR 1, L_0x5939442877a0, L_0x5939442878b0, C4<0>, C4<0>;
L_0x593944287ea0 .functor OR 1, L_0x593944287950, L_0x593944287bf0, C4<0>, C4<0>;
L_0x593944288050 .functor OR 1, L_0x593944287ea0, L_0x593944287fb0, C4<0>, C4<0>;
L_0x5939442885c0 .functor OR 1, L_0x593944288050, L_0x593944288300, C4<0>, C4<0>;
L_0x593944288770 .functor OR 1, L_0x5939442885c0, L_0x5939442886d0, C4<0>, C4<0>;
L_0x593944288d00 .functor OR 1, L_0x593944288770, L_0x593944288a30, C4<0>, C4<0>;
L_0x593944288eb0 .functor OR 1, L_0x593944288d00, L_0x593944288e10, C4<0>, C4<0>;
L_0x593944289550 .functor OR 1, L_0x5939442891d0, L_0x5939442894b0, C4<0>, C4<0>;
L_0x593944289950 .functor OR 1, L_0x593944289550, L_0x593944289660, C4<0>, C4<0>;
L_0x593944289cd0 .functor OR 1, L_0x593944289950, L_0x593944289c30, C4<0>, C4<0>;
L_0x59394428a0e0 .functor OR 1, L_0x593944289cd0, L_0x593944289de0, C4<0>, C4<0>;
L_0x59394428a470 .functor OR 1, L_0x59394428a0e0, L_0x59394428a3d0, C4<0>, C4<0>;
L_0x59394428a890 .functor OR 1, L_0x59394428a470, L_0x59394428a580, C4<0>, C4<0>;
L_0x59394428ac30 .functor OR 1, L_0x59394428a890, L_0x59394428ab90, C4<0>, C4<0>;
L_0x59394428b060 .functor OR 1, L_0x59394428ac30, L_0x59394428ad40, C4<0>, C4<0>;
L_0x59394428b410 .functor OR 1, L_0x59394428b060, L_0x59394428b370, C4<0>, C4<0>;
L_0x59394428b940 .functor OR 1, L_0x59394428b570, L_0x59394428b8a0, C4<0>, C4<0>;
L_0x59394428bfa0 .functor OR 1, L_0x59394428b940, L_0x59394428bc60, C4<0>, C4<0>;
L_0x59394428c150 .functor OR 1, L_0x59394428bfa0, L_0x59394428c0b0, C4<0>, C4<0>;
L_0x59394428c7d0 .functor OR 1, L_0x59394428c150, L_0x59394428c480, C4<0>, C4<0>;
L_0x59394428c980 .functor OR 1, L_0x59394428c7d0, L_0x59394428c8e0, C4<0>, C4<0>;
L_0x59394428d020 .functor OR 1, L_0x59394428c980, L_0x59394428ccc0, C4<0>, C4<0>;
L_0x59394427e2c0 .functor OR 1, L_0x59394428d020, L_0x59394428d130, C4<0>, C4<0>;
L_0x59394428e030 .functor OR 1, L_0x59394427e2c0, L_0x59394428dcc0, C4<0>, C4<0>;
L_0x59394428e1e0 .functor OR 1, L_0x59394428e030, L_0x59394428e140, C4<0>, C4<0>;
L_0x59394428e8c0 .functor OR 1, L_0x59394428e1e0, L_0x59394428e540, C4<0>, C4<0>;
L_0x59394428ee50 .functor OR 1, L_0x59394428ea20, L_0x59394428eac0, C4<0>, C4<0>;
L_0x59394428f260 .functor OR 1, L_0x59394428ee50, L_0x59394428f1c0, C4<0>, C4<0>;
L_0x59394428f710 .functor OR 1, L_0x59394428f260, L_0x59394428f370, C4<0>, C4<0>;
L_0x59394428fb30 .functor OR 1, L_0x59394428f710, L_0x59394428fa90, C4<0>, C4<0>;
L_0x59394428fff0 .functor OR 1, L_0x59394428fb30, L_0x59394428fc40, C4<0>, C4<0>;
L_0x593944290420 .functor OR 1, L_0x59394428fff0, L_0x593944290380, C4<0>, C4<0>;
L_0x5939442908f0 .functor OR 1, L_0x593944290420, L_0x593944290530, C4<0>, C4<0>;
L_0x593944290d30 .functor OR 1, L_0x5939442908f0, L_0x593944290c90, C4<0>, C4<0>;
L_0x593944291210 .functor OR 1, L_0x593944290d30, L_0x593944290e40, C4<0>, C4<0>;
L_0x593944291660 .functor OR 1, L_0x593944291210, L_0x5939442915c0, C4<0>, C4<0>;
L_0x593944291b50 .functor OR 1, L_0x593944291660, L_0x593944291770, C4<0>, C4<0>;
v0x5939442002b0_0 .net *"_ivl_10", 0 0, L_0x59394427e660;  1 drivers
v0x593944271e30_0 .net *"_ivl_100", 0 0, L_0x593944280270;  1 drivers
L_0x781c3a89f2a0 .functor BUFT 1, C4<1011>, C4<0>, C4<0>, C4<0>;
v0x593944271ef0_0 .net/2u *"_ivl_104", 3 0, L_0x781c3a89f2a0;  1 drivers
v0x593944271fb0_0 .net *"_ivl_106", 0 0, L_0x5939442803e0;  1 drivers
L_0x781c3a89f2e8 .functor BUFT 1, C4<1100>, C4<0>, C4<0>, C4<0>;
v0x593944272070_0 .net/2u *"_ivl_110", 3 0, L_0x781c3a89f2e8;  1 drivers
v0x5939442721a0_0 .net *"_ivl_112", 0 0, L_0x593944280500;  1 drivers
L_0x781c3a89f330 .functor BUFT 1, C4<1101>, C4<0>, C4<0>, C4<0>;
v0x593944272260_0 .net/2u *"_ivl_116", 3 0, L_0x781c3a89f330;  1 drivers
v0x593944272340_0 .net *"_ivl_118", 0 0, L_0x593944280340;  1 drivers
L_0x781c3a89f378 .functor BUFT 1, C4<1110>, C4<0>, C4<0>, C4<0>;
v0x593944272400_0 .net/2u *"_ivl_122", 3 0, L_0x781c3a89f378;  1 drivers
v0x5939442724e0_0 .net *"_ivl_124", 0 0, L_0x593944280750;  1 drivers
L_0x781c3a89f3c0 .functor BUFT 1, C4<1111>, C4<0>, C4<0>, C4<0>;
v0x5939442725a0_0 .net/2u *"_ivl_129", 3 0, L_0x781c3a89f3c0;  1 drivers
v0x593944272680_0 .net *"_ivl_13", 0 0, L_0x59394427e750;  1 drivers
v0x593944272740_0 .net *"_ivl_131", 0 0, L_0x593944280e80;  1 drivers
v0x593944272800_0 .net *"_ivl_134", 0 0, L_0x593944281090;  1 drivers
v0x5939442728e0_0 .net *"_ivl_136", 0 0, L_0x593944281180;  1 drivers
v0x5939442729c0_0 .net *"_ivl_138", 0 0, L_0x59394427fb30;  1 drivers
v0x593944272a80_0 .net *"_ivl_140", 0 0, L_0x593944281420;  1 drivers
v0x593944272c70_0 .net *"_ivl_142", 0 0, L_0x59394427f5d0;  1 drivers
v0x593944272d30_0 .net *"_ivl_144", 0 0, L_0x5939442815a0;  1 drivers
v0x593944272e10_0 .net *"_ivl_146", 0 0, L_0x593944281730;  1 drivers
v0x593944272ed0_0 .net *"_ivl_148", 0 0, L_0x5939442818d0;  1 drivers
v0x593944272fb0_0 .net *"_ivl_15", 0 0, L_0x59394427e860;  1 drivers
v0x593944273090_0 .net *"_ivl_150", 0 0, L_0x593944281970;  1 drivers
v0x593944273150_0 .net *"_ivl_152", 0 0, L_0x593944281a80;  1 drivers
v0x593944273230_0 .net *"_ivl_154", 0 0, L_0x593944281c20;  1 drivers
v0x5939442732f0_0 .net *"_ivl_156", 0 0, L_0x593944281dd0;  1 drivers
v0x5939442733d0_0 .net *"_ivl_158", 0 0, L_0x593944281e70;  1 drivers
v0x593944273490_0 .net *"_ivl_16", 0 0, L_0x59394427e930;  1 drivers
v0x593944273570_0 .net *"_ivl_160", 0 0, L_0x593944281f80;  1 drivers
v0x593944273650_0 .net *"_ivl_162", 0 0, L_0x593944282130;  1 drivers
v0x593944273710_0 .net *"_ivl_164", 0 0, L_0x593944281d30;  1 drivers
v0x5939442737f0_0 .net *"_ivl_166", 0 0, L_0x5939442822f0;  1 drivers
v0x5939442738b0_0 .net *"_ivl_168", 0 0, L_0x593944282400;  1 drivers
v0x593944273ba0_0 .net *"_ivl_170", 0 0, L_0x5939442825c0;  1 drivers
v0x593944273c60_0 .net *"_ivl_172", 0 0, L_0x593944282790;  1 drivers
v0x593944273d40_0 .net *"_ivl_174", 0 0, L_0x593944282830;  1 drivers
v0x593944273e00_0 .net *"_ivl_176", 0 0, L_0x593944282940;  1 drivers
v0x593944273ee0_0 .net *"_ivl_180", 0 0, L_0x593944282c30;  1 drivers
v0x593944273fc0_0 .net *"_ivl_182", 0 0, L_0x593944282cd0;  1 drivers
v0x5939442740a0_0 .net *"_ivl_184", 0 0, L_0x593944282eb0;  1 drivers
v0x593944274160_0 .net *"_ivl_186", 0 0, L_0x593944282fc0;  1 drivers
v0x593944274240_0 .net *"_ivl_188", 0 0, L_0x593944283270;  1 drivers
v0x593944274300_0 .net *"_ivl_19", 0 0, L_0x59394427e9d0;  1 drivers
v0x5939442743c0_0 .net *"_ivl_190", 0 0, L_0x593944283460;  1 drivers
v0x5939442744a0_0 .net *"_ivl_192", 0 0, L_0x593944283650;  1 drivers
v0x593944274560_0 .net *"_ivl_194", 0 0, L_0x593944283760;  1 drivers
v0x593944274640_0 .net *"_ivl_196", 0 0, L_0x593944283800;  1 drivers
v0x593944274700_0 .net *"_ivl_198", 0 0, L_0x593944283a00;  1 drivers
v0x5939442747e0_0 .net *"_ivl_200", 0 0, L_0x593944283c00;  1 drivers
v0x5939442748a0_0 .net *"_ivl_202", 0 0, L_0x593944283d10;  1 drivers
v0x593944274980_0 .net *"_ivl_204", 0 0, L_0x593944283db0;  1 drivers
v0x593944274a40_0 .net *"_ivl_206", 0 0, L_0x593944283fc0;  1 drivers
v0x593944274b20_0 .net *"_ivl_208", 0 0, L_0x5939442841d0;  1 drivers
v0x593944274be0_0 .net *"_ivl_21", 0 0, L_0x59394427eae0;  1 drivers
v0x593944274cc0_0 .net *"_ivl_210", 0 0, L_0x5939442842e0;  1 drivers
v0x593944274da0_0 .net *"_ivl_212", 0 0, L_0x593944284380;  1 drivers
v0x593944274e60_0 .net *"_ivl_214", 0 0, L_0x5939442845a0;  1 drivers
v0x593944274f40_0 .net *"_ivl_218", 0 0, L_0x593944284920;  1 drivers
v0x593944275020_0 .net *"_ivl_22", 0 0, L_0x59394427eb80;  1 drivers
v0x593944275100_0 .net *"_ivl_220", 0 0, L_0x5939442849c0;  1 drivers
v0x5939442751e0_0 .net *"_ivl_222", 0 0, L_0x593944284bf0;  1 drivers
v0x5939442752a0_0 .net *"_ivl_224", 0 0, L_0x593944284e20;  1 drivers
v0x593944275380_0 .net *"_ivl_226", 0 0, L_0x593944284ec0;  1 drivers
v0x593944275440_0 .net *"_ivl_228", 0 0, L_0x593944284fd0;  1 drivers
v0x593944275520_0 .net *"_ivl_230", 0 0, L_0x593944285210;  1 drivers
v0x5939442759f0_0 .net *"_ivl_232", 0 0, L_0x593944284d00;  1 drivers
v0x593944275ad0_0 .net *"_ivl_234", 0 0, L_0x593944284da0;  1 drivers
v0x593944275b90_0 .net *"_ivl_236", 0 0, L_0x5939442854f0;  1 drivers
v0x593944275c70_0 .net *"_ivl_238", 0 0, L_0x593944285740;  1 drivers
v0x593944275d30_0 .net *"_ivl_240", 0 0, L_0x593944285990;  1 drivers
v0x593944275e10_0 .net *"_ivl_242", 0 0, L_0x593944285a30;  1 drivers
v0x593944275ed0_0 .net *"_ivl_244", 0 0, L_0x593944285b40;  1 drivers
v0x593944275fb0_0 .net *"_ivl_246", 0 0, L_0x593944285da0;  1 drivers
v0x593944276070_0 .net *"_ivl_248", 0 0, L_0x593944286000;  1 drivers
v0x593944276150_0 .net *"_ivl_25", 0 0, L_0x59394427ec80;  1 drivers
v0x593944276210_0 .net *"_ivl_250", 0 0, L_0x5939442860a0;  1 drivers
v0x5939442762d0_0 .net *"_ivl_252", 0 0, L_0x5939442861b0;  1 drivers
v0x5939442763b0_0 .net *"_ivl_254", 0 0, L_0x593944286420;  1 drivers
v0x593944276470_0 .net *"_ivl_256", 0 0, L_0x593944286690;  1 drivers
v0x593944276550_0 .net *"_ivl_258", 0 0, L_0x593944286730;  1 drivers
v0x593944276610_0 .net *"_ivl_260", 0 0, L_0x593944286840;  1 drivers
v0x5939442766f0_0 .net *"_ivl_264", 0 0, L_0x593944286d90;  1 drivers
v0x5939442767d0_0 .net *"_ivl_266", 0 0, L_0x593944286e30;  1 drivers
v0x5939442768b0_0 .net *"_ivl_268", 0 0, L_0x5939442870c0;  1 drivers
v0x593944276970_0 .net *"_ivl_270", 0 0, L_0x5939442871d0;  1 drivers
v0x593944276a50_0 .net *"_ivl_272", 0 0, L_0x593944287270;  1 drivers
v0x593944276b10_0 .net *"_ivl_274", 0 0, L_0x593944287500;  1 drivers
v0x593944276bf0_0 .net *"_ivl_276", 0 0, L_0x5939442877a0;  1 drivers
v0x593944276cb0_0 .net *"_ivl_278", 0 0, L_0x5939442878b0;  1 drivers
v0x593944276d90_0 .net *"_ivl_280", 0 0, L_0x593944287950;  1 drivers
v0x593944276e50_0 .net *"_ivl_282", 0 0, L_0x593944287bf0;  1 drivers
v0x593944276f30_0 .net *"_ivl_284", 0 0, L_0x593944287ea0;  1 drivers
v0x593944276ff0_0 .net *"_ivl_286", 0 0, L_0x593944287fb0;  1 drivers
v0x5939442770d0_0 .net *"_ivl_288", 0 0, L_0x593944288050;  1 drivers
v0x593944277190_0 .net *"_ivl_29", 0 0, L_0x59394427ed90;  1 drivers
v0x593944277270_0 .net *"_ivl_290", 0 0, L_0x593944288300;  1 drivers
v0x593944277350_0 .net *"_ivl_292", 0 0, L_0x5939442885c0;  1 drivers
v0x593944277410_0 .net *"_ivl_294", 0 0, L_0x5939442886d0;  1 drivers
v0x5939442774f0_0 .net *"_ivl_296", 0 0, L_0x593944288770;  1 drivers
v0x5939442775b0_0 .net *"_ivl_298", 0 0, L_0x593944288a30;  1 drivers
v0x593944277690_0 .net *"_ivl_30", 0 0, L_0x59394427ee70;  1 drivers
v0x593944277770_0 .net *"_ivl_300", 0 0, L_0x593944288d00;  1 drivers
v0x593944277830_0 .net *"_ivl_302", 0 0, L_0x593944288e10;  1 drivers
v0x593944277910_0 .net *"_ivl_306", 0 0, L_0x5939442891d0;  1 drivers
v0x5939442779f0_0 .net *"_ivl_308", 0 0, L_0x5939442894b0;  1 drivers
v0x593944277ad0_0 .net *"_ivl_310", 0 0, L_0x593944289550;  1 drivers
v0x593944277b90_0 .net *"_ivl_312", 0 0, L_0x593944289660;  1 drivers
v0x593944277c70_0 .net *"_ivl_314", 0 0, L_0x593944289950;  1 drivers
v0x593944277d30_0 .net *"_ivl_316", 0 0, L_0x593944289c30;  1 drivers
v0x593944277e10_0 .net *"_ivl_318", 0 0, L_0x593944289cd0;  1 drivers
v0x593944277ed0_0 .net *"_ivl_320", 0 0, L_0x593944289de0;  1 drivers
v0x593944277fb0_0 .net *"_ivl_322", 0 0, L_0x59394428a0e0;  1 drivers
v0x593944278070_0 .net *"_ivl_324", 0 0, L_0x59394428a3d0;  1 drivers
v0x593944278150_0 .net *"_ivl_326", 0 0, L_0x59394428a470;  1 drivers
v0x593944278210_0 .net *"_ivl_328", 0 0, L_0x59394428a580;  1 drivers
v0x5939442782f0_0 .net *"_ivl_33", 0 0, L_0x59394427ef80;  1 drivers
v0x5939442783d0_0 .net *"_ivl_330", 0 0, L_0x59394428a890;  1 drivers
v0x593944278490_0 .net *"_ivl_332", 0 0, L_0x59394428ab90;  1 drivers
v0x593944278570_0 .net *"_ivl_334", 0 0, L_0x59394428ac30;  1 drivers
v0x593944278630_0 .net *"_ivl_336", 0 0, L_0x59394428ad40;  1 drivers
v0x593944278710_0 .net *"_ivl_338", 0 0, L_0x59394428b060;  1 drivers
v0x5939442787d0_0 .net *"_ivl_34", 0 0, L_0x59394427f020;  1 drivers
v0x5939442788b0_0 .net *"_ivl_340", 0 0, L_0x59394428b370;  1 drivers
v0x593944278990_0 .net *"_ivl_344", 0 0, L_0x59394428b570;  1 drivers
v0x593944278a70_0 .net *"_ivl_346", 0 0, L_0x59394428b8a0;  1 drivers
v0x593944278b50_0 .net *"_ivl_348", 0 0, L_0x59394428b940;  1 drivers
v0x593944278c10_0 .net *"_ivl_350", 0 0, L_0x59394428bc60;  1 drivers
v0x593944278cf0_0 .net *"_ivl_352", 0 0, L_0x59394428bfa0;  1 drivers
v0x593944278db0_0 .net *"_ivl_354", 0 0, L_0x59394428c0b0;  1 drivers
v0x5939442796a0_0 .net *"_ivl_356", 0 0, L_0x59394428c150;  1 drivers
v0x593944279760_0 .net *"_ivl_358", 0 0, L_0x59394428c480;  1 drivers
v0x593944279840_0 .net *"_ivl_360", 0 0, L_0x59394428c7d0;  1 drivers
v0x593944279900_0 .net *"_ivl_362", 0 0, L_0x59394428c8e0;  1 drivers
v0x5939442799e0_0 .net *"_ivl_364", 0 0, L_0x59394428c980;  1 drivers
v0x593944279aa0_0 .net *"_ivl_366", 0 0, L_0x59394428ccc0;  1 drivers
v0x593944279b80_0 .net *"_ivl_368", 0 0, L_0x59394428d020;  1 drivers
v0x593944279c40_0 .net *"_ivl_37", 0 0, L_0x59394427f0e0;  1 drivers
v0x593944279d00_0 .net *"_ivl_370", 0 0, L_0x59394428d130;  1 drivers
v0x593944279de0_0 .net *"_ivl_372", 0 0, L_0x59394427e2c0;  1 drivers
v0x593944279ea0_0 .net *"_ivl_374", 0 0, L_0x59394428dcc0;  1 drivers
v0x593944279f80_0 .net *"_ivl_376", 0 0, L_0x59394428e030;  1 drivers
v0x59394427a040_0 .net *"_ivl_378", 0 0, L_0x59394428e140;  1 drivers
v0x59394427a120_0 .net *"_ivl_380", 0 0, L_0x59394428e1e0;  1 drivers
v0x59394427a1e0_0 .net *"_ivl_382", 0 0, L_0x59394428e540;  1 drivers
v0x59394427a2c0_0 .net *"_ivl_386", 0 0, L_0x59394428ea20;  1 drivers
v0x59394427a3a0_0 .net *"_ivl_388", 0 0, L_0x59394428eac0;  1 drivers
v0x59394427a480_0 .net *"_ivl_39", 0 0, L_0x59394427f250;  1 drivers
v0x59394427a560_0 .net *"_ivl_390", 0 0, L_0x59394428ee50;  1 drivers
v0x59394427a620_0 .net *"_ivl_392", 0 0, L_0x59394428f1c0;  1 drivers
v0x59394427a700_0 .net *"_ivl_394", 0 0, L_0x59394428f260;  1 drivers
v0x59394427a7c0_0 .net *"_ivl_396", 0 0, L_0x59394428f370;  1 drivers
v0x59394427a8a0_0 .net *"_ivl_398", 0 0, L_0x59394428f710;  1 drivers
v0x59394427a960_0 .net *"_ivl_40", 0 0, L_0x59394427f450;  1 drivers
v0x59394427aa40_0 .net *"_ivl_400", 0 0, L_0x59394428fa90;  1 drivers
v0x59394427ab20_0 .net *"_ivl_402", 0 0, L_0x59394428fb30;  1 drivers
v0x59394427abe0_0 .net *"_ivl_404", 0 0, L_0x59394428fc40;  1 drivers
v0x59394427acc0_0 .net *"_ivl_406", 0 0, L_0x59394428fff0;  1 drivers
v0x59394427ad80_0 .net *"_ivl_408", 0 0, L_0x593944290380;  1 drivers
v0x59394427ae60_0 .net *"_ivl_410", 0 0, L_0x593944290420;  1 drivers
v0x59394427af20_0 .net *"_ivl_412", 0 0, L_0x593944290530;  1 drivers
v0x59394427b000_0 .net *"_ivl_414", 0 0, L_0x5939442908f0;  1 drivers
v0x59394427b0c0_0 .net *"_ivl_416", 0 0, L_0x593944290c90;  1 drivers
v0x59394427b1a0_0 .net *"_ivl_418", 0 0, L_0x593944290d30;  1 drivers
v0x59394427b260_0 .net *"_ivl_420", 0 0, L_0x593944290e40;  1 drivers
v0x59394427b340_0 .net *"_ivl_422", 0 0, L_0x593944291210;  1 drivers
v0x59394427b400_0 .net *"_ivl_424", 0 0, L_0x5939442915c0;  1 drivers
v0x59394427b4e0_0 .net *"_ivl_426", 0 0, L_0x593944291660;  1 drivers
v0x59394427b5a0_0 .net *"_ivl_428", 0 0, L_0x593944291770;  1 drivers
v0x59394427b680_0 .net *"_ivl_43", 0 0, L_0x59394427f4c0;  1 drivers
v0x59394427b740_0 .net *"_ivl_45", 0 0, L_0x59394427f640;  1 drivers
v0x59394427b820_0 .net *"_ivl_47", 0 0, L_0x59394427f6e0;  1 drivers
v0x59394427b8e0_0 .net *"_ivl_5", 0 0, L_0x59394427e3e0;  1 drivers
L_0x781c3a89f018 .functor BUFT 1, C4<0010>, C4<0>, C4<0>, C4<0>;
v0x59394427b9c0_0 .net/2u *"_ivl_50", 3 0, L_0x781c3a89f018;  1 drivers
v0x59394427baa0_0 .net *"_ivl_52", 0 0, L_0x59394427f7f0;  1 drivers
L_0x781c3a89f060 .functor BUFT 1, C4<0011>, C4<0>, C4<0>, C4<0>;
v0x59394427bb60_0 .net/2u *"_ivl_56", 3 0, L_0x781c3a89f060;  1 drivers
v0x59394427bc40_0 .net *"_ivl_58", 0 0, L_0x59394427f940;  1 drivers
v0x59394427bd00_0 .net *"_ivl_6", 0 0, L_0x59394427e500;  1 drivers
L_0x781c3a89f0a8 .functor BUFT 1, C4<0100>, C4<0>, C4<0>, C4<0>;
v0x59394427bde0_0 .net/2u *"_ivl_62", 3 0, L_0x781c3a89f0a8;  1 drivers
v0x59394427bec0_0 .net *"_ivl_64", 0 0, L_0x59394427fa10;  1 drivers
L_0x781c3a89f0f0 .functor BUFT 1, C4<0101>, C4<0>, C4<0>, C4<0>;
v0x59394427bf80_0 .net/2u *"_ivl_68", 3 0, L_0x781c3a89f0f0;  1 drivers
v0x59394427c060_0 .net *"_ivl_70", 0 0, L_0x59394427fba0;  1 drivers
L_0x781c3a89f138 .functor BUFT 1, C4<0110>, C4<0>, C4<0>, C4<0>;
v0x59394427c120_0 .net/2u *"_ivl_74", 3 0, L_0x781c3a89f138;  1 drivers
v0x59394427c200_0 .net *"_ivl_76", 0 0, L_0x59394427fd10;  1 drivers
L_0x781c3a89f180 .functor BUFT 1, C4<0111>, C4<0>, C4<0>, C4<0>;
v0x59394427c2c0_0 .net/2u *"_ivl_80", 3 0, L_0x781c3a89f180;  1 drivers
v0x59394427c3a0_0 .net *"_ivl_82", 0 0, L_0x59394427fe80;  1 drivers
L_0x781c3a89f1c8 .functor BUFT 1, C4<1000>, C4<0>, C4<0>, C4<0>;
v0x59394427c460_0 .net/2u *"_ivl_86", 3 0, L_0x781c3a89f1c8;  1 drivers
v0x59394427c540_0 .net *"_ivl_88", 0 0, L_0x59394427ffa0;  1 drivers
v0x59394427c600_0 .net *"_ivl_9", 0 0, L_0x59394427e5c0;  1 drivers
L_0x781c3a89f210 .functor BUFT 1, C4<1001>, C4<0>, C4<0>, C4<0>;
v0x59394427c6e0_0 .net/2u *"_ivl_92", 3 0, L_0x781c3a89f210;  1 drivers
v0x59394427c7c0_0 .net *"_ivl_94", 0 0, L_0x593944280150;  1 drivers
L_0x781c3a89f258 .functor BUFT 1, C4<1010>, C4<0>, C4<0>, C4<0>;
v0x59394427c880_0 .net/2u *"_ivl_98", 3 0, L_0x781c3a89f258;  1 drivers
v0x59394427c960_0 .net "num", 15 0, L_0x593944280930;  1 drivers
v0x59394427ca40_0 .net "s_out", 6 0, L_0x59394427e1d0;  alias, 1 drivers
v0x59394427cb20_0 .net "sa", 0 0, L_0x5939442824a0;  1 drivers
v0x59394427cbe0_0 .net "sb", 0 0, L_0x5939442847c0;  1 drivers
v0x59394427cca0_0 .net "sc", 0 0, L_0x593944286ac0;  1 drivers
v0x59394427cd60_0 .net "sd", 0 0, L_0x593944288eb0;  1 drivers
v0x59394427ce20_0 .net "se", 0 0, L_0x59394428b410;  1 drivers
v0x59394427cee0_0 .net "sf", 0 0, L_0x59394428e8c0;  1 drivers
v0x59394427cfa0_0 .net "sg", 0 0, L_0x593944291b50;  1 drivers
v0x59394427d060_0 .net "x_in", 3 0, v0x59394427dc00_0;  1 drivers
LS_0x59394427e1d0_0_0 .concat [ 1 1 1 1], L_0x5939442824a0, L_0x5939442847c0, L_0x593944286ac0, L_0x593944288eb0;
LS_0x59394427e1d0_0_4 .concat [ 1 1 1 0], L_0x59394428b410, L_0x59394428e8c0, L_0x593944291b50;
L_0x59394427e1d0 .concat [ 4 3 0 0], LS_0x59394427e1d0_0_0, LS_0x59394427e1d0_0_4;
L_0x59394427e3e0 .part v0x59394427dc00_0, 3, 1;
L_0x59394427e5c0 .part v0x59394427dc00_0, 2, 1;
L_0x59394427e860 .part v0x59394427dc00_0, 1, 1;
L_0x59394427eae0 .part v0x59394427dc00_0, 0, 1;
L_0x59394427ed90 .part v0x59394427dc00_0, 3, 1;
L_0x59394427ef80 .part v0x59394427dc00_0, 2, 1;
L_0x59394427f250 .part v0x59394427dc00_0, 1, 1;
L_0x59394427f640 .part v0x59394427dc00_0, 0, 1;
L_0x59394427f7f0 .cmp/eq 4, v0x59394427dc00_0, L_0x781c3a89f018;
L_0x59394427f940 .cmp/eq 4, v0x59394427dc00_0, L_0x781c3a89f060;
L_0x59394427fa10 .cmp/eq 4, v0x59394427dc00_0, L_0x781c3a89f0a8;
L_0x59394427fba0 .cmp/eq 4, v0x59394427dc00_0, L_0x781c3a89f0f0;
L_0x59394427fd10 .cmp/eq 4, v0x59394427dc00_0, L_0x781c3a89f138;
L_0x59394427fe80 .cmp/eq 4, v0x59394427dc00_0, L_0x781c3a89f180;
L_0x59394427ffa0 .cmp/eq 4, v0x59394427dc00_0, L_0x781c3a89f1c8;
L_0x593944280150 .cmp/eq 4, v0x59394427dc00_0, L_0x781c3a89f210;
L_0x593944280270 .cmp/eq 4, v0x59394427dc00_0, L_0x781c3a89f258;
L_0x5939442803e0 .cmp/eq 4, v0x59394427dc00_0, L_0x781c3a89f2a0;
L_0x593944280500 .cmp/eq 4, v0x59394427dc00_0, L_0x781c3a89f2e8;
L_0x593944280340 .cmp/eq 4, v0x59394427dc00_0, L_0x781c3a89f330;
L_0x593944280750 .cmp/eq 4, v0x59394427dc00_0, L_0x781c3a89f378;
LS_0x593944280930_0_0 .concat8 [ 1 1 1 1], L_0x59394427ec80, L_0x59394427f6e0, L_0x59394427f7f0, L_0x59394427f940;
LS_0x593944280930_0_4 .concat8 [ 1 1 1 1], L_0x59394427fa10, L_0x59394427fba0, L_0x59394427fd10, L_0x59394427fe80;
LS_0x593944280930_0_8 .concat8 [ 1 1 1 1], L_0x59394427ffa0, L_0x593944280150, L_0x593944280270, L_0x5939442803e0;
LS_0x593944280930_0_12 .concat8 [ 1 1 1 1], L_0x593944280500, L_0x593944280340, L_0x593944280750, L_0x593944280e80;
L_0x593944280930 .concat8 [ 4 4 4 4], LS_0x593944280930_0_0, LS_0x593944280930_0_4, LS_0x593944280930_0_8, LS_0x593944280930_0_12;
L_0x593944280e80 .cmp/eq 4, v0x59394427dc00_0, L_0x781c3a89f3c0;
L_0x593944281090 .part L_0x593944280930, 0, 1;
L_0x593944281180 .part L_0x593944280930, 2, 1;
L_0x593944281420 .part L_0x593944280930, 3, 1;
L_0x5939442815a0 .part L_0x593944280930, 5, 1;
L_0x5939442818d0 .part L_0x593944280930, 6, 1;
L_0x593944281a80 .part L_0x593944280930, 7, 1;
L_0x593944281dd0 .part L_0x593944280930, 8, 1;
L_0x593944281f80 .part L_0x593944280930, 9, 1;
L_0x593944281d30 .part L_0x593944280930, 10, 1;
L_0x593944282400 .part L_0x593944280930, 12, 1;
L_0x593944282790 .part L_0x593944280930, 14, 1;
L_0x593944282940 .part L_0x593944280930, 15, 1;
L_0x593944282c30 .part L_0x593944280930, 0, 1;
L_0x593944282cd0 .part L_0x593944280930, 1, 1;
L_0x593944282fc0 .part L_0x593944280930, 2, 1;
L_0x593944283460 .part L_0x593944280930, 3, 1;
L_0x593944283760 .part L_0x593944280930, 4, 1;
L_0x593944283a00 .part L_0x593944280930, 7, 1;
L_0x593944283d10 .part L_0x593944280930, 8, 1;
L_0x593944283fc0 .part L_0x593944280930, 9, 1;
L_0x5939442842e0 .part L_0x593944280930, 10, 1;
L_0x5939442845a0 .part L_0x593944280930, 13, 1;
L_0x593944284920 .part L_0x593944280930, 0, 1;
L_0x5939442849c0 .part L_0x593944280930, 1, 1;
L_0x593944284e20 .part L_0x593944280930, 3, 1;
L_0x593944284fd0 .part L_0x593944280930, 4, 1;
L_0x593944284d00 .part L_0x593944280930, 5, 1;
L_0x5939442854f0 .part L_0x593944280930, 6, 1;
L_0x593944285990 .part L_0x593944280930, 7, 1;
L_0x593944285b40 .part L_0x593944280930, 8, 1;
L_0x593944286000 .part L_0x593944280930, 9, 1;
L_0x5939442861b0 .part L_0x593944280930, 10, 1;
L_0x593944286690 .part L_0x593944280930, 11, 1;
L_0x593944286840 .part L_0x593944280930, 13, 1;
L_0x593944286d90 .part L_0x593944280930, 0, 1;
L_0x593944286e30 .part L_0x593944280930, 2, 1;
L_0x5939442871d0 .part L_0x593944280930, 3, 1;
L_0x593944287500 .part L_0x593944280930, 5, 1;
L_0x5939442878b0 .part L_0x593944280930, 6, 1;
L_0x593944287bf0 .part L_0x593944280930, 8, 1;
L_0x593944287fb0 .part L_0x593944280930, 9, 1;
L_0x593944288300 .part L_0x593944280930, 11, 1;
L_0x5939442886d0 .part L_0x593944280930, 12, 1;
L_0x593944288a30 .part L_0x593944280930, 13, 1;
L_0x593944288e10 .part L_0x593944280930, 14, 1;
L_0x5939442891d0 .part L_0x593944280930, 0, 1;
L_0x5939442894b0 .part L_0x593944280930, 2, 1;
L_0x593944289660 .part L_0x593944280930, 6, 1;
L_0x593944289c30 .part L_0x593944280930, 8, 1;
L_0x593944289de0 .part L_0x593944280930, 10, 1;
L_0x59394428a3d0 .part L_0x593944280930, 11, 1;
L_0x59394428a580 .part L_0x593944280930, 12, 1;
L_0x59394428ab90 .part L_0x593944280930, 13, 1;
L_0x59394428ad40 .part L_0x593944280930, 14, 1;
L_0x59394428b370 .part L_0x593944280930, 15, 1;
L_0x59394428b570 .part L_0x593944280930, 0, 1;
L_0x59394428b8a0 .part L_0x593944280930, 4, 1;
L_0x59394428bc60 .part L_0x593944280930, 5, 1;
L_0x59394428c0b0 .part L_0x593944280930, 6, 1;
L_0x59394428c480 .part L_0x593944280930, 8, 1;
L_0x59394428c8e0 .part L_0x593944280930, 9, 1;
L_0x59394428ccc0 .part L_0x593944280930, 10, 1;
L_0x59394428d130 .part L_0x593944280930, 11, 1;
L_0x59394428dcc0 .part L_0x593944280930, 12, 1;
L_0x59394428e140 .part L_0x593944280930, 14, 1;
L_0x59394428e540 .part L_0x593944280930, 15, 1;
L_0x59394428ea20 .part L_0x593944280930, 2, 1;
L_0x59394428eac0 .part L_0x593944280930, 3, 1;
L_0x59394428f1c0 .part L_0x593944280930, 4, 1;
L_0x59394428f370 .part L_0x593944280930, 5, 1;
L_0x59394428fa90 .part L_0x593944280930, 6, 1;
L_0x59394428fc40 .part L_0x593944280930, 8, 1;
L_0x593944290380 .part L_0x593944280930, 9, 1;
L_0x593944290530 .part L_0x593944280930, 10, 1;
L_0x593944290c90 .part L_0x593944280930, 11, 1;
L_0x593944290e40 .part L_0x593944280930, 13, 1;
L_0x5939442915c0 .part L_0x593944280930, 14, 1;
L_0x593944291770 .part L_0x593944280930, 15, 1;
    .scope S_0x59394421b2d0;
T_0 ;
Ewait_0 .event/or E_0x5939441fc1d0, E_0x0;
    %wait Ewait_0;
    %load/vec4 v0x59394427de40_0;
    %dup/vec4;
    %pushi/vec4 1, 0, 8;
    %cmp/u;
    %jmp/1 T_0.0, 6;
    %dup/vec4;
    %pushi/vec4 2, 0, 8;
    %cmp/u;
    %jmp/1 T_0.1, 6;
    %dup/vec4;
    %pushi/vec4 4, 0, 8;
    %cmp/u;
    %jmp/1 T_0.2, 6;
    %dup/vec4;
    %pushi/vec4 128, 0, 8;
    %cmp/u;
    %jmp/1 T_0.3, 6;
    %load/vec4 v0x59394427db40_0;
    %flag_set/vec4 8;
    %jmp/0 T_0.6, 8;
    %load/vec4 v0x59394427d280_0;
    %jmp/1 T_0.7, 8;
T_0.6 ; End of true expr.
    %pushi/vec4 0, 0, 7;
    %jmp/0 T_0.7, 8;
 ; End of false expr.
    %blend;
T_0.7;
    %store/vec4 v0x59394427d4a0_0, 0, 7;
    %jmp T_0.5;
T_0.0 ;
    %load/vec4 v0x59394427db40_0;
    %flag_set/vec4 8;
    %jmp/0 T_0.8, 8;
    %load/vec4 v0x59394427d280_0;
    %jmp/1 T_0.9, 8;
T_0.8 ; End of true expr.
    %pushi/vec4 80, 0, 7;
    %jmp/0 T_0.9, 8;
 ; End of false expr.
    %blend;
T_0.9;
    %store/vec4 v0x59394427d4a0_0, 0, 7;
    %jmp T_0.5;
T_0.1 ;
    %load/vec4 v0x59394427db40_0;
    %flag_set/vec4 8;
    %jmp/0 T_0.10, 8;
    %load/vec4 v0x59394427d280_0;
    %jmp/1 T_0.11, 8;
T_0.10 ; End of true expr.
    %pushi/vec4 80, 0, 7;
    %jmp/0 T_0.11, 8;
 ; End of false expr.
    %blend;
T_0.11;
    %store/vec4 v0x59394427d4a0_0, 0, 7;
    %jmp T_0.5;
T_0.2 ;
    %load/vec4 v0x59394427db40_0;
    %flag_set/vec4 8;
    %jmp/0 T_0.12, 8;
    %load/vec4 v0x59394427d280_0;
    %jmp/1 T_0.13, 8;
T_0.12 ; End of true expr.
    %pushi/vec4 121, 0, 7;
    %jmp/0 T_0.13, 8;
 ; End of false expr.
    %blend;
T_0.13;
    %store/vec4 v0x59394427d4a0_0, 0, 7;
    %jmp T_0.5;
T_0.3 ;
    %pushi/vec4 0, 0, 7;
    %store/vec4 v0x59394427d4a0_0, 0, 7;
    %jmp T_0.5;
T_0.5 ;
    %pop/vec4 1;
    %jmp T_0;
    .thread T_0, $push;
    .scope S_0x59394421b2d0;
T_1 ;
Ewait_1 .event/or E_0x59394421bbd0, E_0x0;
    %wait Ewait_1;
    %load/vec4 v0x59394427de40_0;
    %dup/vec4;
    %pushi/vec4 1, 0, 8;
    %cmp/u;
    %jmp/1 T_1.0, 6;
    %dup/vec4;
    %pushi/vec4 2, 0, 8;
    %cmp/u;
    %jmp/1 T_1.1, 6;
    %dup/vec4;
    %pushi/vec4 4, 0, 8;
    %cmp/u;
    %jmp/1 T_1.2, 6;
    %dup/vec4;
    %pushi/vec4 8, 0, 8;
    %cmp/u;
    %jmp/1 T_1.3, 6;
    %dup/vec4;
    %pushi/vec4 16, 0, 8;
    %cmp/u;
    %jmp/1 T_1.4, 6;
    %dup/vec4;
    %pushi/vec4 32, 0, 8;
    %cmp/u;
    %jmp/1 T_1.5, 6;
    %dup/vec4;
    %pushi/vec4 64, 0, 8;
    %cmp/u;
    %jmp/1 T_1.6, 6;
    %pushi/vec4 0, 0, 4;
    %store/vec4 v0x59394427dc00_0, 0, 4;
    %jmp T_1.8;
T_1.0 ;
    %pushi/vec4 0, 0, 4;
    %store/vec4 v0x59394427dc00_0, 0, 4;
    %jmp T_1.8;
T_1.1 ;
    %pushi/vec4 0, 0, 4;
    %store/vec4 v0x59394427dc00_0, 0, 4;
    %jmp T_1.8;
T_1.2 ;
    %pushi/vec4 0, 0, 4;
    %store/vec4 v0x59394427dc00_0, 0, 4;
    %jmp T_1.8;
T_1.3 ;
    %pushi/vec4 0, 0, 4;
    %store/vec4 v0x59394427dc00_0, 0, 4;
    %jmp T_1.8;
T_1.4 ;
    %pushi/vec4 0, 0, 4;
    %store/vec4 v0x59394427dc00_0, 0, 4;
    %jmp T_1.8;
T_1.5 ;
    %pushi/vec4 0, 0, 4;
    %store/vec4 v0x59394427dc00_0, 0, 4;
    %jmp T_1.8;
T_1.6 ;
    %pushi/vec4 0, 0, 4;
    %store/vec4 v0x59394427dc00_0, 0, 4;
    %jmp T_1.8;
T_1.8 ;
    %pop/vec4 1;
    %jmp T_1;
    .thread T_1, $push;
    .scope S_0x59394421b2d0;
T_2 ;
    %wait E_0x59394421cb50;
    %load/vec4 v0x59394427dcc0_0;
    %flag_set/vec4 8;
    %jmp/0xz  T_2.0, 8;
    %pushi/vec4 0, 0, 3;
    %assign/vec4 v0x59394427d800_0, 0;
    %pushi/vec4 0, 0, 21;
    %assign/vec4 v0x59394427da80_0, 0;
    %pushi/vec4 1, 0, 8;
    %assign/vec4 v0x59394427de40_0, 0;
    %pushi/vec4 0, 0, 32;
    %assign/vec4 v0x59394427dd60_0, 0;
    %jmp T_2.1;
T_2.0 ;
    %load/vec4 v0x59394427dd60_0;
    %cmpi/e 100000, 0, 32;
    %jmp/0xz  T_2.2, 4;
    %pushi/vec4 0, 0, 32;
    %assign/vec4 v0x59394427dd60_0, 0;
    %load/vec4 v0x59394427de40_0;
    %parti/s 7, 0, 2;
    %load/vec4 v0x59394427de40_0;
    %parti/s 1, 7, 4;
    %concat/vec4; draw_concat_vec4
    %assign/vec4 v0x59394427de40_0, 0;
    %jmp T_2.3;
T_2.2 ;
    %load/vec4 v0x59394427dd60_0;
    %addi 1, 0, 32;
    %assign/vec4 v0x59394427dd60_0, 0;
T_2.3 ;
    %load/vec4 v0x59394427d580_0;
    %flag_set/vec4 8;
    %jmp/0xz  T_2.4, 8;
    %load/vec4 v0x59394427d800_0;
    %pad/u 32;
    %load/vec4 v0x59394427d800_0;
    %pad/u 32;
    %addi 1, 0, 32;
    %cmp/u;
    %flag_get/vec4 4;
    %flag_get/vec4 5;
    %or;
    %pad/u 3;
    %ix/load 5, 0, 0;
    %load/vec4 v0x59394427d800_0;
    %pad/u 5;
    %muli 3, 0, 5;
    %ix/vec4 4;
    %assign/vec4/off/d v0x59394427da80_0, 4, 5;
T_2.4 ;
T_2.1 ;
    %jmp T_2;
    .thread T_2;
# The file index is used to find the file name in the following table.
:file_names 4;
    "N/A";
    "<interactive>";
    "-";
    "generate_pattern.sv";
